


ARM Macro Assembler    Page 1 


    1 00000000         ;/******************************************************
                       ********************//**
    2 00000000         ; * @file     startup_TM4C123.s
    3 00000000         ; * @brief    CMSIS Cortex-M4 Core Device Startup File f
                       or
    4 00000000         ; *           TI Tiva TM4C123 Blizzard Class Device
    5 00000000         ; * @version  V1.00
    6 00000000         ; * @date     15. May 2013
    7 00000000         ; *
    8 00000000         ; * @note
    9 00000000         ; * Copyright (C) 2011 ARM Limited. All rights reserved.
                       
   10 00000000         ; *
   11 00000000         ; * @par
   12 00000000         ; * ARM Limited (ARM) is supplying this software for use
                        with Cortex-M
   13 00000000         ; * processor based microcontrollers.  This file can be 
                       freely distributed
   14 00000000         ; * within development tools that are supporting such AR
                       M based processors.
   15 00000000         ; *
   16 00000000         ; * @par
   17 00000000         ; * THIS SOFTWARE IS PROVIDED "AS IS".  NO WARRANTIES, W
                       HETHER EXPRESS, IMPLIED
   18 00000000         ; * OR STATUTORY, INCLUDING, BUT NOT LIMITED TO, IMPLIED
                        WARRANTIES OF
   19 00000000         ; * MERCHANTABILITY AND FITNESS FOR A PARTICULAR PURPOSE
                        APPLY TO THIS SOFTWARE.
   20 00000000         ; * ARM SHALL NOT, IN ANY CIRCUMSTANCES, BE LIABLE FOR S
                       PECIAL, INCIDENTAL, OR
   21 00000000         ; * CONSEQUENTIAL DAMAGES, FOR ANY REASON WHATSOEVER.
   22 00000000         ; *
   23 00000000         ; ******************************************************
                       ************************/
   24 00000000         ;/*
   25 00000000         ;//-------- <<< Use Configuration Wizard in Context Menu
                        >>> ------------------
   26 00000000         ;*/
   27 00000000         
   28 00000000         
   29 00000000         ; <h> Stack Configuration
   30 00000000         ;   <o> Stack Size (in Bytes) <0x0-0xFFFFFFFF:8>
   31 00000000         ; </h>
   32 00000000         
   33 00000000 00000200 
                       Stack_Size
                               EQU              0x00000200
   34 00000000         
   35 00000000                 AREA             STACK, NOINIT, READWRITE, ALIGN
=3
   36 00000000         Stack_Mem
                               SPACE            Stack_Size
   37 00000200         __initial_sp
   38 00000200         
   39 00000200         
   40 00000200         ; <h> Heap Configuration
   41 00000200         ;   <o>  Heap Size (in Bytes) <0x0-0xFFFFFFFF:8>
   42 00000200         ; </h>
   43 00000200         



ARM Macro Assembler    Page 2 


   44 00000200 00000000 
                       Heap_Size
                               EQU              0x00000000
   45 00000200         
   46 00000200                 AREA             HEAP, NOINIT, READWRITE, ALIGN=
3
   47 00000000         __heap_base
   48 00000000         Heap_Mem
                               SPACE            Heap_Size
   49 00000000         __heap_limit
   50 00000000         
   51 00000000         ;*******************************************************
                       ***********************
   52 00000000         ;
   53 00000000         ; External declarations for the interrupt handlers used 
                       by the application.
   54 00000000         ;
   55 00000000         ;*******************************************************
                       ***********************
   56 00000000                 EXTERN           SysTickIntHandler
   57 00000000                 EXTERN           UARTStdioIntHandler
   58 00000000         
   59 00000000                 PRESERVE8
   60 00000000                 THUMB
   61 00000000         
   62 00000000         
   63 00000000         ; Vector Table Mapped to Address 0 at Reset
   64 00000000         
   65 00000000                 AREA             RESET, DATA, READONLY
   66 00000000                 EXPORT           __Vectors
   67 00000000                 EXPORT           __Vectors_End
   68 00000000                 EXPORT           __Vectors_Size
   69 00000000         
   70 00000000 00000000 
                       __Vectors
                               DCD              __initial_sp ; Top of Stack
   71 00000004 00000000        DCD              Reset_Handler ; Reset Handler
   72 00000008 00000000        DCD              NMI_Handler ; NMI Handler
   73 0000000C 00000000        DCD              HardFault_Handler ; Hard Fault 
                                                            Handler
   74 00000010 00000000        DCD              MemManage_Handler 
                                                            ; MPU Fault Handler
                                                            
   75 00000014 00000000        DCD              BusFault_Handler 
                                                            ; Bus Fault Handler
                                                            
   76 00000018 00000000        DCD              UsageFault_Handler ; Usage Faul
                                                            t Handler
   77 0000001C 00000000        DCD              0           ; Reserved
   78 00000020 00000000        DCD              0           ; Reserved
   79 00000024 00000000        DCD              0           ; Reserved
   80 00000028 00000000        DCD              0           ; Reserved
   81 0000002C 00000000        DCD              SVC_Handler ; SVCall Handler
   82 00000030 00000000        DCD              DebugMon_Handler ; Debug Monito
                                                            r Handler
   83 00000034 00000000        DCD              0           ; Reserved
   84 00000038 00000000        DCD              PendSV_Handler ; PendSV Handler
                                                            
   85 0000003C 00000000        DCD              SysTickIntHandler 



ARM Macro Assembler    Page 3 


                                                            ; SysTick Handler
   86 00000040         
   87 00000040         ; External Interrupts
   88 00000040         
   89 00000040 00000000        DCD              GPIOA_Handler 
                                                            ;   0: GPIO Port A
   90 00000044 00000000        DCD              GPIOB_Handler 
                                                            ;   1: GPIO Port B
   91 00000048 00000000        DCD              GPIOC_Handler 
                                                            ;   2: GPIO Port C
   92 0000004C 00000000        DCD              GPIOD_Handler 
                                                            ;   3: GPIO Port D
   93 00000050 00000000        DCD              GPIOE_Handler 
                                                            ;   4: GPIO Port E
   94 00000054 00000000        DCD              UART0_Handler ;   5: UART0 Rx a
                                                            nd Tx
   95 00000058 00000000        DCD              UART1_Handler ;   6: UART1 Rx a
                                                            nd Tx
   96 0000005C 00000000        DCD              SSI0_Handler ;   7: SSI0 Rx and
                                                             Tx
   97 00000060 00000000        DCD              I2C0_Handler ;   8: I2C0 Master
                                                             and Slave
   98 00000064 00000000        DCD              PMW0_FAULT_Handler 
                                                            ;   9: PWM Fault
   99 00000068 00000000        DCD              PWM0_0_Handler ;  10: PWM Gener
                                                            ator 0
  100 0000006C 00000000        DCD              PWM0_1_Handler ;  11: PWM Gener
                                                            ator 1
  101 00000070 00000000        DCD              PWM0_2_Handler ;  12: PWM Gener
                                                            ator 2
  102 00000074 00000000        DCD              QEI0_Handler ;  13: Quadrature 
                                                            Encoder 0
  103 00000078 00000000        DCD              ADC0SS0_Handler ;  14: ADC Sequ
                                                            ence 0
  104 0000007C 00000000        DCD              ADC0SS1_Handler ;  15: ADC Sequ
                                                            ence 1
  105 00000080 00000000        DCD              ADC0SS2_Handler ;  16: ADC Sequ
                                                            ence 2
  106 00000084 00000000        DCD              ADC0SS3_Handler ;  17: ADC Sequ
                                                            ence 3
  107 00000088 00000000        DCD              WDT0_Handler ;  18: Watchdog ti
                                                            mer
  108 0000008C 00000000        DCD              TIMER0A_Handler ;  19: Timer 0 
                                                            subtimer A
  109 00000090 00000000        DCD              TIMER0B_Handler ;  20: Timer 0 
                                                            subtimer B
  110 00000094 00000000        DCD              TIMER1A_Handler ;  21: Timer 1 
                                                            subtimer A
  111 00000098 00000000        DCD              TIMER1B_Handler ;  22: Timer 1 
                                                            subtimer B
  112 0000009C 00000000        DCD              TIMER2A_Handler ;  23: Timer 2 
                                                            subtimer A
  113 000000A0 00000000        DCD              TIMER2B_Handler ;  24: Timer 2 
                                                            subtimer B
  114 000000A4 00000000        DCD              COMP0_Handler ;  25: Analog Com
                                                            parator 0
  115 000000A8 00000000        DCD              COMP1_Handler ;  26: Analog Com
                                                            parator 1
  116 000000AC 00000000        DCD              COMP2_Handler ;  27: Analog Com



ARM Macro Assembler    Page 4 


                                                            parator 2
  117 000000B0 00000000        DCD              SYSCTL_Handler ;  28: System Co
                                                            ntrol (PLL, OSC, BO
                                                            )
  118 000000B4 00000000        DCD              FLASH_Handler ;  29: FLASH Cont
                                                            rol
  119 000000B8 00000000        DCD              GPIOF_Handler 
                                                            ;  30: GPIO Port F
  120 000000BC 00000000        DCD              GPIOG_Handler 
                                                            ;  31: GPIO Port G
  121 000000C0 00000000        DCD              GPIOH_Handler 
                                                            ;  32: GPIO Port H
  122 000000C4 00000000        DCD              UART2_Handler ;  33: UART2 Rx a
                                                            nd Tx
  123 000000C8 00000000        DCD              SSI1_Handler ;  34: SSI1 Rx and
                                                             Tx
  124 000000CC 00000000        DCD              TIMER3A_Handler ;  35: Timer 3 
                                                            subtimer A
  125 000000D0 00000000        DCD              TIMER3B_Handler ;  36: Timer 3 
                                                            subtimer B
  126 000000D4 00000000        DCD              I2C1_Handler ;  37: I2C1 Master
                                                             and Slave
  127 000000D8 00000000        DCD              QEI1_Handler ;  38: Quadrature 
                                                            Encoder 1
  128 000000DC 00000000        DCD              CAN0_Handler ;  39: CAN0
  129 000000E0 00000000        DCD              CAN1_Handler ;  40: CAN1
  130 000000E4 00000000        DCD              CAN2_Handler ;  41: CAN2
  131 000000E8 00000000        DCD              0           ;  42: Reserved
  132 000000EC 00000000        DCD              HIB_Handler ;  43: Hibernate
  133 000000F0 00000000        DCD              USB0_Handler ;  44: USB0
  134 000000F4 00000000        DCD              PWM0_3_Handler ;  45: PWM Gener
                                                            ator 3
  135 000000F8 00000000        DCD              UDMA_Handler ;  46: uDMA Softwa
                                                            re Transfer
  136 000000FC 00000000        DCD              UDMAERR_Handler 
                                                            ;  47: uDMA Error
  137 00000100 00000000        DCD              ADC1SS0_Handler ;  48: ADC1 Seq
                                                            uence 0
  138 00000104 00000000        DCD              ADC1SS1_Handler ;  49: ADC1 Seq
                                                            uence 1
  139 00000108 00000000        DCD              ADC1SS2_Handler ;  50: ADC1 Seq
                                                            uence 2
  140 0000010C 00000000        DCD              ADC1SS3_Handler ;  51: ADC1 Seq
                                                            uence 3
  141 00000110 00000000        DCD              0           ;  52: Reserved
  142 00000114 00000000        DCD              0           ;  53: Reserved
  143 00000118 00000000        DCD              GPIOJ_Handler 
                                                            ;  54: GPIO Port J
  144 0000011C 00000000        DCD              GPIOK_Handler 
                                                            ;  55: GPIO Port K
  145 00000120 00000000        DCD              GPIOL_Handler 
                                                            ;  56: GPIO Port L
  146 00000124 00000000        DCD              SSI2_Handler ;  57: SSI2 Rx and
                                                             Tx
  147 00000128 00000000        DCD              SSI3_Handler ;  58: SSI3 Rx and
                                                             Tx
  148 0000012C 00000000        DCD              UART3_Handler ;  59: UART3 Rx a
                                                            nd Tx
  149 00000130 00000000        DCD              UART4_Handler ;  60: UART4 Rx a



ARM Macro Assembler    Page 5 


                                                            nd Tx
  150 00000134 00000000        DCD              UART5_Handler ;  61: UART5 Rx a
                                                            nd Tx
  151 00000138 00000000        DCD              UART6_Handler ;  62: UART6 Rx a
                                                            nd Tx
  152 0000013C 00000000        DCD              UART7_Handler ;  63: UART7 Rx a
                                                            nd Tx
  153 00000140 00000000        DCD              0           ;  64: Reserved
  154 00000144 00000000        DCD              0           ;  65: Reserved
  155 00000148 00000000        DCD              0           ;  66: Reserved
  156 0000014C 00000000        DCD              0           ;  67: Reserved
  157 00000150 00000000        DCD              I2C2_Handler ;  68: I2C2 Master
                                                             and Slave
  158 00000154 00000000        DCD              I2C3_Handler ;  69: I2C3 Master
                                                             and Slave
  159 00000158 00000000        DCD              TIMER4A_Handler ;  70: Timer 4 
                                                            subtimer A
  160 0000015C 00000000        DCD              TIMER4B_Handler ;  71: Timer 4 
                                                            subtimer B
  161 00000160 00000000        DCD              0           ;  72: Reserved
  162 00000164 00000000        DCD              0           ;  73: Reserved
  163 00000168 00000000        DCD              0           ;  74: Reserved
  164 0000016C 00000000        DCD              0           ;  75: Reserved
  165 00000170 00000000        DCD              0           ;  76: Reserved
  166 00000174 00000000        DCD              0           ;  77: Reserved
  167 00000178 00000000        DCD              0           ;  78: Reserved
  168 0000017C 00000000        DCD              0           ;  79: Reserved
  169 00000180 00000000        DCD              0           ;  80: Reserved
  170 00000184 00000000        DCD              0           ;  81: Reserved
  171 00000188 00000000        DCD              0           ;  82: Reserved
  172 0000018C 00000000        DCD              0           ;  83: Reserved
  173 00000190 00000000        DCD              0           ;  84: Reserved
  174 00000194 00000000        DCD              0           ;  85: Reserved
  175 00000198 00000000        DCD              0           ;  86: Reserved
  176 0000019C 00000000        DCD              0           ;  87: Reserved
  177 000001A0 00000000        DCD              0           ;  88: Reserved
  178 000001A4 00000000        DCD              0           ;  89: Reserved
  179 000001A8 00000000        DCD              0           ;  90: Reserved
  180 000001AC 00000000        DCD              0           ;  91: Reserved
  181 000001B0 00000000        DCD              TIMER5A_Handler ;  92: Timer 5 
                                                            subtimer A
  182 000001B4 00000000        DCD              TIMER5B_Handler ;  93: Timer 5 
                                                            subtimer B
  183 000001B8 00000000        DCD              WTIMER0A_Handler ;  94: Wide Ti
                                                            mer 0 subtimer A
  184 000001BC 00000000        DCD              WTIMER0B_Handler ;  95: Wide Ti
                                                            mer 0 subtimer B
  185 000001C0 00000000        DCD              WTIMER1A_Handler ;  96: Wide Ti
                                                            mer 1 subtimer A
  186 000001C4 00000000        DCD              WTIMER1B_Handler ;  97: Wide Ti
                                                            mer 1 subtimer B
  187 000001C8 00000000        DCD              WTIMER2A_Handler ;  98: Wide Ti
                                                            mer 2 subtimer A
  188 000001CC 00000000        DCD              WTIMER2B_Handler ;  99: Wide Ti
                                                            mer 2 subtimer B
  189 000001D0 00000000        DCD              WTIMER3A_Handler ; 100: Wide Ti
                                                            mer 3 subtimer A
  190 000001D4 00000000        DCD              WTIMER3B_Handler ; 101: Wide Ti
                                                            mer 3 subtimer B



ARM Macro Assembler    Page 6 


  191 000001D8 00000000        DCD              WTIMER4A_Handler ; 102: Wide Ti
                                                            mer 4 subtimer A
  192 000001DC 00000000        DCD              WTIMER4B_Handler ; 103: Wide Ti
                                                            mer 4 subtimer B
  193 000001E0 00000000        DCD              WTIMER5A_Handler ; 104: Wide Ti
                                                            mer 5 subtimer A
  194 000001E4 00000000        DCD              WTIMER5B_Handler ; 105: Wide Ti
                                                            mer 5 subtimer B
  195 000001E8 00000000        DCD              FPU_Handler ; 106: FPU
  196 000001EC 00000000        DCD              0           ; 107: Reserved
  197 000001F0 00000000        DCD              0           ; 108: Reserved
  198 000001F4 00000000        DCD              I2C4_Handler ; 109: I2C4 Master
                                                             and Slave
  199 000001F8 00000000        DCD              I2C5_Handler ; 110: I2C5 Master
                                                             and Slave
  200 000001FC 00000000        DCD              GPIOM_Handler 
                                                            ; 111: GPIO Port M
  201 00000200 00000000        DCD              GPION_Handler 
                                                            ; 112: GPIO Port N
  202 00000204 00000000        DCD              QEI2_Handler ; 113: Quadrature 
                                                            Encoder 2
  203 00000208 00000000        DCD              0           ; 114: Reserved
  204 0000020C 00000000        DCD              0           ; 115: Reserved
  205 00000210 00000000        DCD              GPIOP0_Handler ; 116: GPIO Port
                                                             P (Summary or P0)
  206 00000214 00000000        DCD              GPIOP1_Handler 
                                                            ; 117: GPIO Port P1
                                                            
  207 00000218 00000000        DCD              GPIOP2_Handler 
                                                            ; 118: GPIO Port P2
                                                            
  208 0000021C 00000000        DCD              GPIOP3_Handler 
                                                            ; 119: GPIO Port P3
                                                            
  209 00000220 00000000        DCD              GPIOP4_Handler 
                                                            ; 120: GPIO Port P4
                                                            
  210 00000224 00000000        DCD              GPIOP5_Handler 
                                                            ; 121: GPIO Port P5
                                                            
  211 00000228 00000000        DCD              GPIOP6_Handler 
                                                            ; 122: GPIO Port P6
                                                            
  212 0000022C 00000000        DCD              GPIOP7_Handler 
                                                            ; 123: GPIO Port P7
                                                            
  213 00000230 00000000        DCD              GPIOQ0_Handler ; 124: GPIO Port
                                                             Q (Summary or Q0)
  214 00000234 00000000        DCD              GPIOQ1_Handler 
                                                            ; 125: GPIO Port Q1
                                                            
  215 00000238 00000000        DCD              GPIOQ2_Handler 
                                                            ; 126: GPIO Port Q2
                                                            
  216 0000023C 00000000        DCD              GPIOQ3_Handler 
                                                            ; 127: GPIO Port Q3
                                                            
  217 00000240 00000000        DCD              GPIOQ4_Handler 
                                                            ; 128: GPIO Port Q4



ARM Macro Assembler    Page 7 


                                                            
  218 00000244 00000000        DCD              GPIOQ5_Handler 
                                                            ; 129: GPIO Port Q5
                                                            
  219 00000248 00000000        DCD              GPIOQ6_Handler 
                                                            ; 130: GPIO Port Q6
                                                            
  220 0000024C 00000000        DCD              GPIOQ7_Handler 
                                                            ; 131: GPIO Port Q7
                                                            
  221 00000250 00000000        DCD              GPIOR_Handler 
                                                            ; 132: GPIO Port R
  222 00000254 00000000        DCD              GPIOS_Handler 
                                                            ; 133: GPIO Port S
  223 00000258 00000000        DCD              PMW1_0_Handler ; 134: PWM 1 Gen
                                                            erator 0
  224 0000025C 00000000        DCD              PWM1_1_Handler ; 135: PWM 1 Gen
                                                            erator 1
  225 00000260 00000000        DCD              PWM1_2_Handler ; 136: PWM 1 Gen
                                                            erator 2
  226 00000264 00000000        DCD              PWM1_3_Handler ; 137: PWM 1 Gen
                                                            erator 3
  227 00000268 00000000        DCD              PWM1_FAULT_Handler 
                                                            ; 138: PWM 1 Fault
  228 0000026C         
  229 0000026C         __Vectors_End
  230 0000026C         
  231 0000026C 0000026C 
                       __Vectors_Size
                               EQU              __Vectors_End - __Vectors
  232 0000026C         
  233 0000026C                 AREA             |.text|, CODE, READONLY
  234 00000000         
  235 00000000         
  236 00000000         ; Reset Handler
  237 00000000         
  238 00000000         Reset_Handler
                               PROC
  239 00000000                 EXPORT           Reset_Handler             [WEAK
]
  240 00000000                 IMPORT           SystemInit
  241 00000000                 IMPORT           __main
  242 00000000 483F            LDR              R0, =SystemInit
  243 00000002 4780            BLX              R0
  244 00000004 483F            LDR              R0, =__main
  245 00000006 4700            BX               R0
  246 00000008                 ENDP
  247 00000008         
  248 00000008         
  249 00000008         ; Dummy Exception Handlers (infinite loops which can be 
                       modified)
  250 00000008         
  251 00000008         NMI_Handler
                               PROC
  252 00000008                 EXPORT           NMI_Handler               [WEAK
]
  253 00000008 E7FE            B                .
  254 0000000A                 ENDP
  256 0000000A         HardFault_Handler



ARM Macro Assembler    Page 8 


                               PROC
  257 0000000A                 EXPORT           HardFault_Handler         [WEAK
]
  258 0000000A E7FE            B                .
  259 0000000C                 ENDP
  261 0000000C         MemManage_Handler
                               PROC
  262 0000000C                 EXPORT           MemManage_Handler         [WEAK
]
  263 0000000C E7FE            B                .
  264 0000000E                 ENDP
  266 0000000E         BusFault_Handler
                               PROC
  267 0000000E                 EXPORT           BusFault_Handler          [WEAK
]
  268 0000000E E7FE            B                .
  269 00000010                 ENDP
  271 00000010         UsageFault_Handler
                               PROC
  272 00000010                 EXPORT           UsageFault_Handler        [WEAK
]
  273 00000010 E7FE            B                .
  274 00000012                 ENDP
  275 00000012         SVC_Handler
                               PROC
  276 00000012                 EXPORT           SVC_Handler               [WEAK
]
  277 00000012 E7FE            B                .
  278 00000014                 ENDP
  280 00000014         DebugMon_Handler
                               PROC
  281 00000014                 EXPORT           DebugMon_Handler          [WEAK
]
  282 00000014 E7FE            B                .
  283 00000016                 ENDP
  285 00000016         PendSV_Handler
                               PROC
  286 00000016                 EXPORT           PendSV_Handler            [WEAK
]
  287 00000016 E7FE            B                .
  288 00000018                 ENDP
  290 00000018         SysTick_Handler
                               PROC
  291 00000018                 EXPORT           SysTick_Handler           [WEAK
]
  292 00000018 E7FE            B                .
  293 0000001A                 ENDP
  294 0000001A         
  296 0000001A         GPIOA_Handler
                               PROC
  297 0000001A                 EXPORT           GPIOA_Handler [WEAK]
  298 0000001A E7FE            B                .
  299 0000001C                 ENDP
  300 0000001C         
  302 0000001C         GPIOB_Handler
                               PROC
  303 0000001C                 EXPORT           GPIOB_Handler [WEAK]
  304 0000001C E7FE            B                .
  305 0000001E                 ENDP



ARM Macro Assembler    Page 9 


  306 0000001E         
  308 0000001E         GPIOC_Handler
                               PROC
  309 0000001E                 EXPORT           GPIOC_Handler [WEAK]
  310 0000001E E7FE            B                .
  311 00000020                 ENDP
  312 00000020         
  314 00000020         GPIOD_Handler
                               PROC
  315 00000020                 EXPORT           GPIOD_Handler [WEAK]
  316 00000020 E7FE            B                .
  317 00000022                 ENDP
  318 00000022         
  320 00000022         GPIOE_Handler
                               PROC
  321 00000022                 EXPORT           GPIOE_Handler [WEAK]
  322 00000022 E7FE            B                .
  323 00000024                 ENDP
  324 00000024         
  326 00000024         UART0_Handler
                               PROC
  327 00000024                 EXPORT           UART0_Handler [WEAK]
  328 00000024 E7FE            B                .
  329 00000026                 ENDP
  330 00000026         
  332 00000026         UART1_Handler
                               PROC
  333 00000026                 EXPORT           UART1_Handler [WEAK]
  334 00000026 E7FE            B                .
  335 00000028                 ENDP
  336 00000028         
  338 00000028         SSI0_Handler
                               PROC
  339 00000028                 EXPORT           SSI0_Handler [WEAK]
  340 00000028 E7FE            B                .
  341 0000002A                 ENDP
  342 0000002A         
  344 0000002A         I2C0_Handler
                               PROC
  345 0000002A                 EXPORT           I2C0_Handler [WEAK]
  346 0000002A E7FE            B                .
  347 0000002C                 ENDP
  348 0000002C         
  350 0000002C         PMW0_FAULT_Handler
                               PROC
  351 0000002C                 EXPORT           PMW0_FAULT_Handler [WEAK]
  352 0000002C E7FE            B                .
  353 0000002E                 ENDP
  354 0000002E         
  356 0000002E         PWM0_0_Handler
                               PROC
  357 0000002E                 EXPORT           PWM0_0_Handler [WEAK]
  358 0000002E E7FE            B                .
  359 00000030                 ENDP
  360 00000030         
  362 00000030         PWM0_1_Handler
                               PROC
  363 00000030                 EXPORT           PWM0_1_Handler [WEAK]
  364 00000030 E7FE            B                .



ARM Macro Assembler    Page 10 


  365 00000032                 ENDP
  366 00000032         
  368 00000032         PWM0_2_Handler
                               PROC
  369 00000032                 EXPORT           PWM0_2_Handler [WEAK]
  370 00000032 E7FE            B                .
  371 00000034                 ENDP
  372 00000034         
  374 00000034         QEI0_Handler
                               PROC
  375 00000034                 EXPORT           QEI0_Handler [WEAK]
  376 00000034 E7FE            B                .
  377 00000036                 ENDP
  378 00000036         
  380 00000036         ADC0SS0_Handler
                               PROC
  381 00000036                 EXPORT           ADC0SS0_Handler [WEAK]
  382 00000036 E7FE            B                .
  383 00000038                 ENDP
  384 00000038         
  386 00000038         ADC0SS1_Handler
                               PROC
  387 00000038                 EXPORT           ADC0SS1_Handler [WEAK]
  388 00000038 E7FE            B                .
  389 0000003A                 ENDP
  390 0000003A         
  392 0000003A         ADC0SS2_Handler
                               PROC
  393 0000003A                 EXPORT           ADC0SS2_Handler [WEAK]
  394 0000003A E7FE            B                .
  395 0000003C                 ENDP
  396 0000003C         
  398 0000003C         ADC0SS3_Handler
                               PROC
  399 0000003C                 EXPORT           ADC0SS3_Handler [WEAK]
  400 0000003C E7FE            B                .
  401 0000003E                 ENDP
  402 0000003E         
  404 0000003E         WDT0_Handler
                               PROC
  405 0000003E                 EXPORT           WDT0_Handler [WEAK]
  406 0000003E E7FE            B                .
  407 00000040                 ENDP
  408 00000040         
  410 00000040         TIMER0A_Handler
                               PROC
  411 00000040                 EXPORT           TIMER0A_Handler [WEAK]
  412 00000040 E7FE            B                .
  413 00000042                 ENDP
  414 00000042         
  416 00000042         TIMER0B_Handler
                               PROC
  417 00000042                 EXPORT           TIMER0B_Handler [WEAK]
  418 00000042 E7FE            B                .
  419 00000044                 ENDP
  420 00000044         
  422 00000044         TIMER1A_Handler
                               PROC
  423 00000044                 EXPORT           TIMER1A_Handler [WEAK]



ARM Macro Assembler    Page 11 


  424 00000044 E7FE            B                .
  425 00000046                 ENDP
  426 00000046         
  428 00000046         TIMER1B_Handler
                               PROC
  429 00000046                 EXPORT           TIMER1B_Handler [WEAK]
  430 00000046 E7FE            B                .
  431 00000048                 ENDP
  432 00000048         
  434 00000048         TIMER2A_Handler
                               PROC
  435 00000048                 EXPORT           TIMER2A_Handler [WEAK]
  436 00000048 E7FE            B                .
  437 0000004A                 ENDP
  438 0000004A         
  440 0000004A         TIMER2B_Handler
                               PROC
  441 0000004A                 EXPORT           TIMER2B_Handler [WEAK]
  442 0000004A E7FE            B                .
  443 0000004C                 ENDP
  444 0000004C         
  446 0000004C         COMP0_Handler
                               PROC
  447 0000004C                 EXPORT           COMP0_Handler [WEAK]
  448 0000004C E7FE            B                .
  449 0000004E                 ENDP
  450 0000004E         
  452 0000004E         COMP1_Handler
                               PROC
  453 0000004E                 EXPORT           COMP1_Handler [WEAK]
  454 0000004E E7FE            B                .
  455 00000050                 ENDP
  456 00000050         
  458 00000050         COMP2_Handler
                               PROC
  459 00000050                 EXPORT           COMP2_Handler [WEAK]
  460 00000050 E7FE            B                .
  461 00000052                 ENDP
  462 00000052         
  464 00000052         SYSCTL_Handler
                               PROC
  465 00000052                 EXPORT           SYSCTL_Handler [WEAK]
  466 00000052 E7FE            B                .
  467 00000054                 ENDP
  468 00000054         
  470 00000054         FLASH_Handler
                               PROC
  471 00000054                 EXPORT           FLASH_Handler [WEAK]
  472 00000054 E7FE            B                .
  473 00000056                 ENDP
  474 00000056         
  476 00000056         GPIOF_Handler
                               PROC
  477 00000056                 EXPORT           GPIOF_Handler [WEAK]
  478 00000056 E7FE            B                .
  479 00000058                 ENDP
  480 00000058         
  482 00000058         GPIOG_Handler
                               PROC



ARM Macro Assembler    Page 12 


  483 00000058                 EXPORT           GPIOG_Handler [WEAK]
  484 00000058 E7FE            B                .
  485 0000005A                 ENDP
  486 0000005A         
  488 0000005A         GPIOH_Handler
                               PROC
  489 0000005A                 EXPORT           GPIOH_Handler [WEAK]
  490 0000005A E7FE            B                .
  491 0000005C                 ENDP
  492 0000005C         
  494 0000005C         UART2_Handler
                               PROC
  495 0000005C                 EXPORT           UART2_Handler [WEAK]
  496 0000005C E7FE            B                .
  497 0000005E                 ENDP
  498 0000005E         
  500 0000005E         SSI1_Handler
                               PROC
  501 0000005E                 EXPORT           SSI1_Handler [WEAK]
  502 0000005E E7FE            B                .
  503 00000060                 ENDP
  504 00000060         
  506 00000060         TIMER3A_Handler
                               PROC
  507 00000060                 EXPORT           TIMER3A_Handler [WEAK]
  508 00000060 E7FE            B                .
  509 00000062                 ENDP
  510 00000062         
  512 00000062         TIMER3B_Handler
                               PROC
  513 00000062                 EXPORT           TIMER3B_Handler [WEAK]
  514 00000062 E7FE            B                .
  515 00000064                 ENDP
  516 00000064         
  518 00000064         I2C1_Handler
                               PROC
  519 00000064                 EXPORT           I2C1_Handler [WEAK]
  520 00000064 E7FE            B                .
  521 00000066                 ENDP
  522 00000066         
  524 00000066         QEI1_Handler
                               PROC
  525 00000066                 EXPORT           QEI1_Handler [WEAK]
  526 00000066 E7FE            B                .
  527 00000068                 ENDP
  528 00000068         
  530 00000068         CAN0_Handler
                               PROC
  531 00000068                 EXPORT           CAN0_Handler [WEAK]
  532 00000068 E7FE            B                .
  533 0000006A                 ENDP
  534 0000006A         
  536 0000006A         CAN1_Handler
                               PROC
  537 0000006A                 EXPORT           CAN1_Handler [WEAK]
  538 0000006A E7FE            B                .
  539 0000006C                 ENDP
  540 0000006C         
  542 0000006C         CAN2_Handler



ARM Macro Assembler    Page 13 


                               PROC
  543 0000006C                 EXPORT           CAN2_Handler [WEAK]
  544 0000006C E7FE            B                .
  545 0000006E                 ENDP
  546 0000006E         
  548 0000006E         HIB_Handler
                               PROC
  549 0000006E                 EXPORT           HIB_Handler [WEAK]
  550 0000006E E7FE            B                .
  551 00000070                 ENDP
  552 00000070         
  554 00000070         USB0_Handler
                               PROC
  555 00000070                 EXPORT           USB0_Handler [WEAK]
  556 00000070 E7FE            B                .
  557 00000072                 ENDP
  558 00000072         
  560 00000072         PWM0_3_Handler
                               PROC
  561 00000072                 EXPORT           PWM0_3_Handler [WEAK]
  562 00000072 E7FE            B                .
  563 00000074                 ENDP
  564 00000074         
  566 00000074         UDMA_Handler
                               PROC
  567 00000074                 EXPORT           UDMA_Handler [WEAK]
  568 00000074 E7FE            B                .
  569 00000076                 ENDP
  570 00000076         
  572 00000076         UDMAERR_Handler
                               PROC
  573 00000076                 EXPORT           UDMAERR_Handler [WEAK]
  574 00000076 E7FE            B                .
  575 00000078                 ENDP
  576 00000078         
  578 00000078         ADC1SS0_Handler
                               PROC
  579 00000078                 EXPORT           ADC1SS0_Handler [WEAK]
  580 00000078 E7FE            B                .
  581 0000007A                 ENDP
  582 0000007A         
  584 0000007A         ADC1SS1_Handler
                               PROC
  585 0000007A                 EXPORT           ADC1SS1_Handler [WEAK]
  586 0000007A E7FE            B                .
  587 0000007C                 ENDP
  588 0000007C         
  590 0000007C         ADC1SS2_Handler
                               PROC
  591 0000007C                 EXPORT           ADC1SS2_Handler [WEAK]
  592 0000007C E7FE            B                .
  593 0000007E                 ENDP
  594 0000007E         
  596 0000007E         ADC1SS3_Handler
                               PROC
  597 0000007E                 EXPORT           ADC1SS3_Handler [WEAK]
  598 0000007E E7FE            B                .
  599 00000080                 ENDP
  600 00000080         



ARM Macro Assembler    Page 14 


  602 00000080         GPIOJ_Handler
                               PROC
  603 00000080                 EXPORT           GPIOJ_Handler [WEAK]
  604 00000080 E7FE            B                .
  605 00000082                 ENDP
  606 00000082         
  608 00000082         GPIOK_Handler
                               PROC
  609 00000082                 EXPORT           GPIOK_Handler [WEAK]
  610 00000082 E7FE            B                .
  611 00000084                 ENDP
  612 00000084         
  614 00000084         GPIOL_Handler
                               PROC
  615 00000084                 EXPORT           GPIOL_Handler [WEAK]
  616 00000084 E7FE            B                .
  617 00000086                 ENDP
  618 00000086         
  620 00000086         SSI2_Handler
                               PROC
  621 00000086                 EXPORT           SSI2_Handler [WEAK]
  622 00000086 E7FE            B                .
  623 00000088                 ENDP
  624 00000088         
  626 00000088         SSI3_Handler
                               PROC
  627 00000088                 EXPORT           SSI3_Handler [WEAK]
  628 00000088 E7FE            B                .
  629 0000008A                 ENDP
  630 0000008A         
  632 0000008A         UART3_Handler
                               PROC
  633 0000008A                 EXPORT           UART3_Handler [WEAK]
  634 0000008A E7FE            B                .
  635 0000008C                 ENDP
  636 0000008C         
  638 0000008C         UART4_Handler
                               PROC
  639 0000008C                 EXPORT           UART4_Handler [WEAK]
  640 0000008C E7FE            B                .
  641 0000008E                 ENDP
  642 0000008E         
  644 0000008E         UART5_Handler
                               PROC
  645 0000008E                 EXPORT           UART5_Handler [WEAK]
  646 0000008E E7FE            B                .
  647 00000090                 ENDP
  648 00000090         
  650 00000090         UART6_Handler
                               PROC
  651 00000090                 EXPORT           UART6_Handler [WEAK]
  652 00000090 E7FE            B                .
  653 00000092                 ENDP
  654 00000092         
  656 00000092         UART7_Handler
                               PROC
  657 00000092                 EXPORT           UART7_Handler [WEAK]
  658 00000092 E7FE            B                .
  659 00000094                 ENDP



ARM Macro Assembler    Page 15 


  660 00000094         
  662 00000094         I2C2_Handler
                               PROC
  663 00000094                 EXPORT           I2C2_Handler [WEAK]
  664 00000094 E7FE            B                .
  665 00000096                 ENDP
  666 00000096         
  668 00000096         I2C3_Handler
                               PROC
  669 00000096                 EXPORT           I2C3_Handler [WEAK]
  670 00000096 E7FE            B                .
  671 00000098                 ENDP
  672 00000098         
  674 00000098         TIMER4A_Handler
                               PROC
  675 00000098                 EXPORT           TIMER4A_Handler [WEAK]
  676 00000098 E7FE            B                .
  677 0000009A                 ENDP
  678 0000009A         
  680 0000009A         TIMER4B_Handler
                               PROC
  681 0000009A                 EXPORT           TIMER4B_Handler [WEAK]
  682 0000009A E7FE            B                .
  683 0000009C                 ENDP
  684 0000009C         
  686 0000009C         TIMER5A_Handler
                               PROC
  687 0000009C                 EXPORT           TIMER5A_Handler [WEAK]
  688 0000009C E7FE            B                .
  689 0000009E                 ENDP
  690 0000009E         
  692 0000009E         TIMER5B_Handler
                               PROC
  693 0000009E                 EXPORT           TIMER5B_Handler [WEAK]
  694 0000009E E7FE            B                .
  695 000000A0                 ENDP
  696 000000A0         
  698 000000A0         WTIMER0A_Handler
                               PROC
  699 000000A0                 EXPORT           WTIMER0A_Handler [WEAK]
  700 000000A0 E7FE            B                .
  701 000000A2                 ENDP
  702 000000A2         
  704 000000A2         WTIMER0B_Handler
                               PROC
  705 000000A2                 EXPORT           WTIMER0B_Handler [WEAK]
  706 000000A2 E7FE            B                .
  707 000000A4                 ENDP
  708 000000A4         
  710 000000A4         WTIMER1A_Handler
                               PROC
  711 000000A4                 EXPORT           WTIMER1A_Handler [WEAK]
  712 000000A4 E7FE            B                .
  713 000000A6                 ENDP
  714 000000A6         
  716 000000A6         WTIMER1B_Handler
                               PROC
  717 000000A6                 EXPORT           WTIMER1B_Handler [WEAK]
  718 000000A6 E7FE            B                .



ARM Macro Assembler    Page 16 


  719 000000A8                 ENDP
  720 000000A8         
  722 000000A8         WTIMER2A_Handler
                               PROC
  723 000000A8                 EXPORT           WTIMER2A_Handler [WEAK]
  724 000000A8 E7FE            B                .
  725 000000AA                 ENDP
  726 000000AA         
  728 000000AA         WTIMER2B_Handler
                               PROC
  729 000000AA                 EXPORT           WTIMER2B_Handler [WEAK]
  730 000000AA E7FE            B                .
  731 000000AC                 ENDP
  732 000000AC         
  734 000000AC         WTIMER3A_Handler
                               PROC
  735 000000AC                 EXPORT           WTIMER3A_Handler [WEAK]
  736 000000AC E7FE            B                .
  737 000000AE                 ENDP
  738 000000AE         
  740 000000AE         WTIMER3B_Handler
                               PROC
  741 000000AE                 EXPORT           WTIMER3B_Handler [WEAK]
  742 000000AE E7FE            B                .
  743 000000B0                 ENDP
  744 000000B0         
  746 000000B0         WTIMER4A_Handler
                               PROC
  747 000000B0                 EXPORT           WTIMER4A_Handler [WEAK]
  748 000000B0 E7FE            B                .
  749 000000B2                 ENDP
  750 000000B2         
  752 000000B2         WTIMER4B_Handler
                               PROC
  753 000000B2                 EXPORT           WTIMER4B_Handler [WEAK]
  754 000000B2 E7FE            B                .
  755 000000B4                 ENDP
  756 000000B4         
  758 000000B4         WTIMER5A_Handler
                               PROC
  759 000000B4                 EXPORT           WTIMER5A_Handler [WEAK]
  760 000000B4 E7FE            B                .
  761 000000B6                 ENDP
  762 000000B6         
  764 000000B6         WTIMER5B_Handler
                               PROC
  765 000000B6                 EXPORT           WTIMER5B_Handler [WEAK]
  766 000000B6 E7FE            B                .
  767 000000B8                 ENDP
  768 000000B8         
  770 000000B8         FPU_Handler
                               PROC
  771 000000B8                 EXPORT           FPU_Handler [WEAK]
  772 000000B8 E7FE            B                .
  773 000000BA                 ENDP
  774 000000BA         
  776 000000BA         I2C4_Handler
                               PROC
  777 000000BA                 EXPORT           I2C4_Handler [WEAK]



ARM Macro Assembler    Page 17 


  778 000000BA E7FE            B                .
  779 000000BC                 ENDP
  780 000000BC         
  782 000000BC         I2C5_Handler
                               PROC
  783 000000BC                 EXPORT           I2C5_Handler [WEAK]
  784 000000BC E7FE            B                .
  785 000000BE                 ENDP
  786 000000BE         
  788 000000BE         GPIOM_Handler
                               PROC
  789 000000BE                 EXPORT           GPIOM_Handler [WEAK]
  790 000000BE E7FE            B                .
  791 000000C0                 ENDP
  792 000000C0         
  794 000000C0         GPION_Handler
                               PROC
  795 000000C0                 EXPORT           GPION_Handler [WEAK]
  796 000000C0 E7FE            B                .
  797 000000C2                 ENDP
  798 000000C2         
  800 000000C2         QEI2_Handler
                               PROC
  801 000000C2                 EXPORT           QEI2_Handler [WEAK]
  802 000000C2 E7FE            B                .
  803 000000C4                 ENDP
  804 000000C4         
  806 000000C4         GPIOP0_Handler
                               PROC
  807 000000C4                 EXPORT           GPIOP0_Handler [WEAK]
  808 000000C4 E7FE            B                .
  809 000000C6                 ENDP
  810 000000C6         
  812 000000C6         GPIOP1_Handler
                               PROC
  813 000000C6                 EXPORT           GPIOP1_Handler [WEAK]
  814 000000C6 E7FE            B                .
  815 000000C8                 ENDP
  816 000000C8         
  818 000000C8         GPIOP2_Handler
                               PROC
  819 000000C8                 EXPORT           GPIOP2_Handler [WEAK]
  820 000000C8 E7FE            B                .
  821 000000CA                 ENDP
  822 000000CA         
  824 000000CA         GPIOP3_Handler
                               PROC
  825 000000CA                 EXPORT           GPIOP3_Handler [WEAK]
  826 000000CA E7FE            B                .
  827 000000CC                 ENDP
  828 000000CC         
  830 000000CC         GPIOP4_Handler
                               PROC
  831 000000CC                 EXPORT           GPIOP4_Handler [WEAK]
  832 000000CC E7FE            B                .
  833 000000CE                 ENDP
  834 000000CE         
  836 000000CE         GPIOP5_Handler
                               PROC



ARM Macro Assembler    Page 18 


  837 000000CE                 EXPORT           GPIOP5_Handler [WEAK]
  838 000000CE E7FE            B                .
  839 000000D0                 ENDP
  840 000000D0         
  842 000000D0         GPIOP6_Handler
                               PROC
  843 000000D0                 EXPORT           GPIOP6_Handler [WEAK]
  844 000000D0 E7FE            B                .
  845 000000D2                 ENDP
  846 000000D2         
  848 000000D2         GPIOP7_Handler
                               PROC
  849 000000D2                 EXPORT           GPIOP7_Handler [WEAK]
  850 000000D2 E7FE            B                .
  851 000000D4                 ENDP
  852 000000D4         
  854 000000D4         GPIOQ0_Handler
                               PROC
  855 000000D4                 EXPORT           GPIOQ0_Handler [WEAK]
  856 000000D4 E7FE            B                .
  857 000000D6                 ENDP
  858 000000D6         
  860 000000D6         GPIOQ1_Handler
                               PROC
  861 000000D6                 EXPORT           GPIOQ1_Handler [WEAK]
  862 000000D6 E7FE            B                .
  863 000000D8                 ENDP
  864 000000D8         
  866 000000D8         GPIOQ2_Handler
                               PROC
  867 000000D8                 EXPORT           GPIOQ2_Handler [WEAK]
  868 000000D8 E7FE            B                .
  869 000000DA                 ENDP
  870 000000DA         
  872 000000DA         GPIOQ3_Handler
                               PROC
  873 000000DA                 EXPORT           GPIOQ3_Handler [WEAK]
  874 000000DA E7FE            B                .
  875 000000DC                 ENDP
  876 000000DC         
  878 000000DC         GPIOQ4_Handler
                               PROC
  879 000000DC                 EXPORT           GPIOQ4_Handler [WEAK]
  880 000000DC E7FE            B                .
  881 000000DE                 ENDP
  882 000000DE         
  884 000000DE         GPIOQ5_Handler
                               PROC
  885 000000DE                 EXPORT           GPIOQ5_Handler [WEAK]
  886 000000DE E7FE            B                .
  887 000000E0                 ENDP
  888 000000E0         
  890 000000E0         GPIOQ6_Handler
                               PROC
  891 000000E0                 EXPORT           GPIOQ6_Handler [WEAK]
  892 000000E0 E7FE            B                .
  893 000000E2                 ENDP
  894 000000E2         
  896 000000E2         GPIOQ7_Handler



ARM Macro Assembler    Page 19 


                               PROC
  897 000000E2                 EXPORT           GPIOQ7_Handler [WEAK]
  898 000000E2 E7FE            B                .
  899 000000E4                 ENDP
  900 000000E4         
  902 000000E4         GPIOR_Handler
                               PROC
  903 000000E4                 EXPORT           GPIOR_Handler [WEAK]
  904 000000E4 E7FE            B                .
  905 000000E6                 ENDP
  906 000000E6         
  908 000000E6         GPIOS_Handler
                               PROC
  909 000000E6                 EXPORT           GPIOS_Handler [WEAK]
  910 000000E6 E7FE            B                .
  911 000000E8                 ENDP
  912 000000E8         
  914 000000E8         PMW1_0_Handler
                               PROC
  915 000000E8                 EXPORT           PMW1_0_Handler [WEAK]
  916 000000E8 E7FE            B                .
  917 000000EA                 ENDP
  918 000000EA         
  920 000000EA         PWM1_1_Handler
                               PROC
  921 000000EA                 EXPORT           PWM1_1_Handler [WEAK]
  922 000000EA E7FE            B                .
  923 000000EC                 ENDP
  924 000000EC         
  926 000000EC         PWM1_2_Handler
                               PROC
  927 000000EC                 EXPORT           PWM1_2_Handler [WEAK]
  928 000000EC E7FE            B                .
  929 000000EE                 ENDP
  930 000000EE         
  932 000000EE         PWM1_3_Handler
                               PROC
  933 000000EE                 EXPORT           PWM1_3_Handler [WEAK]
  934 000000EE E7FE            B                .
  935 000000F0                 ENDP
  936 000000F0         
  938 000000F0         PWM1_FAULT_Handler
                               PROC
  939 000000F0                 EXPORT           PWM1_FAULT_Handler [WEAK]
  940 000000F0 E7FE            B                .
  941 000000F2                 ENDP
  942 000000F2         
  943 000000F2 00 00           ALIGN
  944 000000F4         
  945 000000F4         
  946 000000F4         ; User Initial Stack & Heap
  947 000000F4         
  948 000000F4                 IF               :DEF:__MICROLIB
  955 000000F4         
  956 000000F4                 IMPORT           __use_two_region_memory
  957 000000F4                 EXPORT           __user_initial_stackheap
  958 000000F4         __user_initial_stackheap
  959 000000F4         
  960 000000F4 4804            LDR              R0, =  Heap_Mem



ARM Macro Assembler    Page 20 


  961 000000F6 4905            LDR              R1, =(Stack_Mem + Stack_Size)
  962 000000F8 4A03            LDR              R2, = (Heap_Mem +  Heap_Size)
  963 000000FA 4B05            LDR              R3, = Stack_Mem
  964 000000FC 4770            BX               LR
  965 000000FE         
  966 000000FE 00 00           ALIGN
  967 00000100         
  968 00000100                 ENDIF
  969 00000100         
  970 00000100         
  971 00000100                 END
              00000000 
              00000000 
              00000000 
              00000200 
              00000000 
Command Line: --debug --xref --cpu=Cortex-M4.fp --apcs=interwork --depend=.\out
put\startup_tm4c123.d -o.\output\startup_tm4c123.o -IC:\Keil\ARM\RV31\INC -IC:\
Keil\ARM\CMSIS\Include -IC:\Keil\ARM\Inc\TI\TM4C123 --list=.\output\startup_tm4
c123.lst startup_TM4C123.s



ARM Macro Assembler    Page 1 Alphabetic symbol ordering
Relocatable symbols

STACK 00000000

Symbol: STACK
   Definitions
      At line 35 in file startup_TM4C123.s
   Uses
      None
Comment: STACK unused
Stack_Mem 00000000

Symbol: Stack_Mem
   Definitions
      At line 36 in file startup_TM4C123.s
   Uses
      At line 961 in file startup_TM4C123.s
      At line 963 in file startup_TM4C123.s

__initial_sp 00000200

Symbol: __initial_sp
   Definitions
      At line 37 in file startup_TM4C123.s
   Uses
      At line 70 in file startup_TM4C123.s
Comment: __initial_sp used once
3 symbols



ARM Macro Assembler    Page 1 Alphabetic symbol ordering
Relocatable symbols

HEAP 00000000

Symbol: HEAP
   Definitions
      At line 46 in file startup_TM4C123.s
   Uses
      None
Comment: HEAP unused
Heap_Mem 00000000

Symbol: Heap_Mem
   Definitions
      At line 48 in file startup_TM4C123.s
   Uses
      At line 960 in file startup_TM4C123.s
      At line 962 in file startup_TM4C123.s

__heap_base 00000000

Symbol: __heap_base
   Definitions
      At line 47 in file startup_TM4C123.s
   Uses
      None
Comment: __heap_base unused
__heap_limit 00000000

Symbol: __heap_limit
   Definitions
      At line 49 in file startup_TM4C123.s
   Uses
      None
Comment: __heap_limit unused
4 symbols



ARM Macro Assembler    Page 1 Alphabetic symbol ordering
Relocatable symbols

RESET 00000000

Symbol: RESET
   Definitions
      At line 65 in file startup_TM4C123.s
   Uses
      None
Comment: RESET unused
__Vectors 00000000

Symbol: __Vectors
   Definitions
      At line 70 in file startup_TM4C123.s
   Uses
      At line 66 in file startup_TM4C123.s
      At line 231 in file startup_TM4C123.s

__Vectors_End 0000026C

Symbol: __Vectors_End
   Definitions
      At line 229 in file startup_TM4C123.s
   Uses
      At line 67 in file startup_TM4C123.s
      At line 231 in file startup_TM4C123.s

3 symbols



ARM Macro Assembler    Page 1 Alphabetic symbol ordering
Relocatable symbols

.text 00000000

Symbol: .text
   Definitions
      At line 233 in file startup_TM4C123.s
   Uses
      None
Comment: .text unused
ADC0SS0_Handler 00000036

Symbol: ADC0SS0_Handler
   Definitions
      At line 380 in file startup_TM4C123.s
   Uses
      At line 103 in file startup_TM4C123.s
      At line 381 in file startup_TM4C123.s

ADC0SS1_Handler 00000038

Symbol: ADC0SS1_Handler
   Definitions
      At line 386 in file startup_TM4C123.s
   Uses
      At line 104 in file startup_TM4C123.s
      At line 387 in file startup_TM4C123.s

ADC0SS2_Handler 0000003A

Symbol: ADC0SS2_Handler
   Definitions
      At line 392 in file startup_TM4C123.s
   Uses
      At line 105 in file startup_TM4C123.s
      At line 393 in file startup_TM4C123.s

ADC0SS3_Handler 0000003C

Symbol: ADC0SS3_Handler
   Definitions
      At line 398 in file startup_TM4C123.s
   Uses
      At line 106 in file startup_TM4C123.s
      At line 399 in file startup_TM4C123.s

ADC1SS0_Handler 00000078

Symbol: ADC1SS0_Handler
   Definitions
      At line 578 in file startup_TM4C123.s
   Uses
      At line 137 in file startup_TM4C123.s
      At line 579 in file startup_TM4C123.s

ADC1SS1_Handler 0000007A

Symbol: ADC1SS1_Handler
   Definitions
      At line 584 in file startup_TM4C123.s
   Uses



ARM Macro Assembler    Page 2 Alphabetic symbol ordering
Relocatable symbols

      At line 138 in file startup_TM4C123.s
      At line 585 in file startup_TM4C123.s

ADC1SS2_Handler 0000007C

Symbol: ADC1SS2_Handler
   Definitions
      At line 590 in file startup_TM4C123.s
   Uses
      At line 139 in file startup_TM4C123.s
      At line 591 in file startup_TM4C123.s

ADC1SS3_Handler 0000007E

Symbol: ADC1SS3_Handler
   Definitions
      At line 596 in file startup_TM4C123.s
   Uses
      At line 140 in file startup_TM4C123.s
      At line 597 in file startup_TM4C123.s

BusFault_Handler 0000000E

Symbol: BusFault_Handler
   Definitions
      At line 266 in file startup_TM4C123.s
   Uses
      At line 75 in file startup_TM4C123.s
      At line 267 in file startup_TM4C123.s

CAN0_Handler 00000068

Symbol: CAN0_Handler
   Definitions
      At line 530 in file startup_TM4C123.s
   Uses
      At line 128 in file startup_TM4C123.s
      At line 531 in file startup_TM4C123.s

CAN1_Handler 0000006A

Symbol: CAN1_Handler
   Definitions
      At line 536 in file startup_TM4C123.s
   Uses
      At line 129 in file startup_TM4C123.s
      At line 537 in file startup_TM4C123.s

CAN2_Handler 0000006C

Symbol: CAN2_Handler
   Definitions
      At line 542 in file startup_TM4C123.s
   Uses
      At line 130 in file startup_TM4C123.s
      At line 543 in file startup_TM4C123.s

COMP0_Handler 0000004C




ARM Macro Assembler    Page 3 Alphabetic symbol ordering
Relocatable symbols

Symbol: COMP0_Handler
   Definitions
      At line 446 in file startup_TM4C123.s
   Uses
      At line 114 in file startup_TM4C123.s
      At line 447 in file startup_TM4C123.s

COMP1_Handler 0000004E

Symbol: COMP1_Handler
   Definitions
      At line 452 in file startup_TM4C123.s
   Uses
      At line 115 in file startup_TM4C123.s
      At line 453 in file startup_TM4C123.s

COMP2_Handler 00000050

Symbol: COMP2_Handler
   Definitions
      At line 458 in file startup_TM4C123.s
   Uses
      At line 116 in file startup_TM4C123.s
      At line 459 in file startup_TM4C123.s

DebugMon_Handler 00000014

Symbol: DebugMon_Handler
   Definitions
      At line 280 in file startup_TM4C123.s
   Uses
      At line 82 in file startup_TM4C123.s
      At line 281 in file startup_TM4C123.s

FLASH_Handler 00000054

Symbol: FLASH_Handler
   Definitions
      At line 470 in file startup_TM4C123.s
   Uses
      At line 118 in file startup_TM4C123.s
      At line 471 in file startup_TM4C123.s

FPU_Handler 000000B8

Symbol: FPU_Handler
   Definitions
      At line 770 in file startup_TM4C123.s
   Uses
      At line 195 in file startup_TM4C123.s
      At line 771 in file startup_TM4C123.s

GPIOA_Handler 0000001A

Symbol: GPIOA_Handler
   Definitions
      At line 296 in file startup_TM4C123.s
   Uses
      At line 89 in file startup_TM4C123.s



ARM Macro Assembler    Page 4 Alphabetic symbol ordering
Relocatable symbols

      At line 297 in file startup_TM4C123.s

GPIOB_Handler 0000001C

Symbol: GPIOB_Handler
   Definitions
      At line 302 in file startup_TM4C123.s
   Uses
      At line 90 in file startup_TM4C123.s
      At line 303 in file startup_TM4C123.s

GPIOC_Handler 0000001E

Symbol: GPIOC_Handler
   Definitions
      At line 308 in file startup_TM4C123.s
   Uses
      At line 91 in file startup_TM4C123.s
      At line 309 in file startup_TM4C123.s

GPIOD_Handler 00000020

Symbol: GPIOD_Handler
   Definitions
      At line 314 in file startup_TM4C123.s
   Uses
      At line 92 in file startup_TM4C123.s
      At line 315 in file startup_TM4C123.s

GPIOE_Handler 00000022

Symbol: GPIOE_Handler
   Definitions
      At line 320 in file startup_TM4C123.s
   Uses
      At line 93 in file startup_TM4C123.s
      At line 321 in file startup_TM4C123.s

GPIOF_Handler 00000056

Symbol: GPIOF_Handler
   Definitions
      At line 476 in file startup_TM4C123.s
   Uses
      At line 119 in file startup_TM4C123.s
      At line 477 in file startup_TM4C123.s

GPIOG_Handler 00000058

Symbol: GPIOG_Handler
   Definitions
      At line 482 in file startup_TM4C123.s
   Uses
      At line 120 in file startup_TM4C123.s
      At line 483 in file startup_TM4C123.s

GPIOH_Handler 0000005A

Symbol: GPIOH_Handler



ARM Macro Assembler    Page 5 Alphabetic symbol ordering
Relocatable symbols

   Definitions
      At line 488 in file startup_TM4C123.s
   Uses
      At line 121 in file startup_TM4C123.s
      At line 489 in file startup_TM4C123.s

GPIOJ_Handler 00000080

Symbol: GPIOJ_Handler
   Definitions
      At line 602 in file startup_TM4C123.s
   Uses
      At line 143 in file startup_TM4C123.s
      At line 603 in file startup_TM4C123.s

GPIOK_Handler 00000082

Symbol: GPIOK_Handler
   Definitions
      At line 608 in file startup_TM4C123.s
   Uses
      At line 144 in file startup_TM4C123.s
      At line 609 in file startup_TM4C123.s

GPIOL_Handler 00000084

Symbol: GPIOL_Handler
   Definitions
      At line 614 in file startup_TM4C123.s
   Uses
      At line 145 in file startup_TM4C123.s
      At line 615 in file startup_TM4C123.s

GPIOM_Handler 000000BE

Symbol: GPIOM_Handler
   Definitions
      At line 788 in file startup_TM4C123.s
   Uses
      At line 200 in file startup_TM4C123.s
      At line 789 in file startup_TM4C123.s

GPION_Handler 000000C0

Symbol: GPION_Handler
   Definitions
      At line 794 in file startup_TM4C123.s
   Uses
      At line 201 in file startup_TM4C123.s
      At line 795 in file startup_TM4C123.s

GPIOP0_Handler 000000C4

Symbol: GPIOP0_Handler
   Definitions
      At line 806 in file startup_TM4C123.s
   Uses
      At line 205 in file startup_TM4C123.s
      At line 807 in file startup_TM4C123.s



ARM Macro Assembler    Page 6 Alphabetic symbol ordering
Relocatable symbols


GPIOP1_Handler 000000C6

Symbol: GPIOP1_Handler
   Definitions
      At line 812 in file startup_TM4C123.s
   Uses
      At line 206 in file startup_TM4C123.s
      At line 813 in file startup_TM4C123.s

GPIOP2_Handler 000000C8

Symbol: GPIOP2_Handler
   Definitions
      At line 818 in file startup_TM4C123.s
   Uses
      At line 207 in file startup_TM4C123.s
      At line 819 in file startup_TM4C123.s

GPIOP3_Handler 000000CA

Symbol: GPIOP3_Handler
   Definitions
      At line 824 in file startup_TM4C123.s
   Uses
      At line 208 in file startup_TM4C123.s
      At line 825 in file startup_TM4C123.s

GPIOP4_Handler 000000CC

Symbol: GPIOP4_Handler
   Definitions
      At line 830 in file startup_TM4C123.s
   Uses
      At line 209 in file startup_TM4C123.s
      At line 831 in file startup_TM4C123.s

GPIOP5_Handler 000000CE

Symbol: GPIOP5_Handler
   Definitions
      At line 836 in file startup_TM4C123.s
   Uses
      At line 210 in file startup_TM4C123.s
      At line 837 in file startup_TM4C123.s

GPIOP6_Handler 000000D0

Symbol: GPIOP6_Handler
   Definitions
      At line 842 in file startup_TM4C123.s
   Uses
      At line 211 in file startup_TM4C123.s
      At line 843 in file startup_TM4C123.s

GPIOP7_Handler 000000D2

Symbol: GPIOP7_Handler
   Definitions



ARM Macro Assembler    Page 7 Alphabetic symbol ordering
Relocatable symbols

      At line 848 in file startup_TM4C123.s
   Uses
      At line 212 in file startup_TM4C123.s
      At line 849 in file startup_TM4C123.s

GPIOQ0_Handler 000000D4

Symbol: GPIOQ0_Handler
   Definitions
      At line 854 in file startup_TM4C123.s
   Uses
      At line 213 in file startup_TM4C123.s
      At line 855 in file startup_TM4C123.s

GPIOQ1_Handler 000000D6

Symbol: GPIOQ1_Handler
   Definitions
      At line 860 in file startup_TM4C123.s
   Uses
      At line 214 in file startup_TM4C123.s
      At line 861 in file startup_TM4C123.s

GPIOQ2_Handler 000000D8

Symbol: GPIOQ2_Handler
   Definitions
      At line 866 in file startup_TM4C123.s
   Uses
      At line 215 in file startup_TM4C123.s
      At line 867 in file startup_TM4C123.s

GPIOQ3_Handler 000000DA

Symbol: GPIOQ3_Handler
   Definitions
      At line 872 in file startup_TM4C123.s
   Uses
      At line 216 in file startup_TM4C123.s
      At line 873 in file startup_TM4C123.s

GPIOQ4_Handler 000000DC

Symbol: GPIOQ4_Handler
   Definitions
      At line 878 in file startup_TM4C123.s
   Uses
      At line 217 in file startup_TM4C123.s
      At line 879 in file startup_TM4C123.s

GPIOQ5_Handler 000000DE

Symbol: GPIOQ5_Handler
   Definitions
      At line 884 in file startup_TM4C123.s
   Uses
      At line 218 in file startup_TM4C123.s
      At line 885 in file startup_TM4C123.s




ARM Macro Assembler    Page 8 Alphabetic symbol ordering
Relocatable symbols

GPIOQ6_Handler 000000E0

Symbol: GPIOQ6_Handler
   Definitions
      At line 890 in file startup_TM4C123.s
   Uses
      At line 219 in file startup_TM4C123.s
      At line 891 in file startup_TM4C123.s

GPIOQ7_Handler 000000E2

Symbol: GPIOQ7_Handler
   Definitions
      At line 896 in file startup_TM4C123.s
   Uses
      At line 220 in file startup_TM4C123.s
      At line 897 in file startup_TM4C123.s

GPIOR_Handler 000000E4

Symbol: GPIOR_Handler
   Definitions
      At line 902 in file startup_TM4C123.s
   Uses
      At line 221 in file startup_TM4C123.s
      At line 903 in file startup_TM4C123.s

GPIOS_Handler 000000E6

Symbol: GPIOS_Handler
   Definitions
      At line 908 in file startup_TM4C123.s
   Uses
      At line 222 in file startup_TM4C123.s
      At line 909 in file startup_TM4C123.s

HIB_Handler 0000006E

Symbol: HIB_Handler
   Definitions
      At line 548 in file startup_TM4C123.s
   Uses
      At line 132 in file startup_TM4C123.s
      At line 549 in file startup_TM4C123.s

HardFault_Handler 0000000A

Symbol: HardFault_Handler
   Definitions
      At line 256 in file startup_TM4C123.s
   Uses
      At line 73 in file startup_TM4C123.s
      At line 257 in file startup_TM4C123.s

I2C0_Handler 0000002A

Symbol: I2C0_Handler
   Definitions
      At line 344 in file startup_TM4C123.s



ARM Macro Assembler    Page 9 Alphabetic symbol ordering
Relocatable symbols

   Uses
      At line 97 in file startup_TM4C123.s
      At line 345 in file startup_TM4C123.s

I2C1_Handler 00000064

Symbol: I2C1_Handler
   Definitions
      At line 518 in file startup_TM4C123.s
   Uses
      At line 126 in file startup_TM4C123.s
      At line 519 in file startup_TM4C123.s

I2C2_Handler 00000094

Symbol: I2C2_Handler
   Definitions
      At line 662 in file startup_TM4C123.s
   Uses
      At line 157 in file startup_TM4C123.s
      At line 663 in file startup_TM4C123.s

I2C3_Handler 00000096

Symbol: I2C3_Handler
   Definitions
      At line 668 in file startup_TM4C123.s
   Uses
      At line 158 in file startup_TM4C123.s
      At line 669 in file startup_TM4C123.s

I2C4_Handler 000000BA

Symbol: I2C4_Handler
   Definitions
      At line 776 in file startup_TM4C123.s
   Uses
      At line 198 in file startup_TM4C123.s
      At line 777 in file startup_TM4C123.s

I2C5_Handler 000000BC

Symbol: I2C5_Handler
   Definitions
      At line 782 in file startup_TM4C123.s
   Uses
      At line 199 in file startup_TM4C123.s
      At line 783 in file startup_TM4C123.s

MemManage_Handler 0000000C

Symbol: MemManage_Handler
   Definitions
      At line 261 in file startup_TM4C123.s
   Uses
      At line 74 in file startup_TM4C123.s
      At line 262 in file startup_TM4C123.s

NMI_Handler 00000008



ARM Macro Assembler    Page 10 Alphabetic symbol ordering
Relocatable symbols


Symbol: NMI_Handler
   Definitions
      At line 251 in file startup_TM4C123.s
   Uses
      At line 72 in file startup_TM4C123.s
      At line 252 in file startup_TM4C123.s

PMW0_FAULT_Handler 0000002C

Symbol: PMW0_FAULT_Handler
   Definitions
      At line 350 in file startup_TM4C123.s
   Uses
      At line 98 in file startup_TM4C123.s
      At line 351 in file startup_TM4C123.s

PMW1_0_Handler 000000E8

Symbol: PMW1_0_Handler
   Definitions
      At line 914 in file startup_TM4C123.s
   Uses
      At line 223 in file startup_TM4C123.s
      At line 915 in file startup_TM4C123.s

PWM0_0_Handler 0000002E

Symbol: PWM0_0_Handler
   Definitions
      At line 356 in file startup_TM4C123.s
   Uses
      At line 99 in file startup_TM4C123.s
      At line 357 in file startup_TM4C123.s

PWM0_1_Handler 00000030

Symbol: PWM0_1_Handler
   Definitions
      At line 362 in file startup_TM4C123.s
   Uses
      At line 100 in file startup_TM4C123.s
      At line 363 in file startup_TM4C123.s

PWM0_2_Handler 00000032

Symbol: PWM0_2_Handler
   Definitions
      At line 368 in file startup_TM4C123.s
   Uses
      At line 101 in file startup_TM4C123.s
      At line 369 in file startup_TM4C123.s

PWM0_3_Handler 00000072

Symbol: PWM0_3_Handler
   Definitions
      At line 560 in file startup_TM4C123.s
   Uses



ARM Macro Assembler    Page 11 Alphabetic symbol ordering
Relocatable symbols

      At line 134 in file startup_TM4C123.s
      At line 561 in file startup_TM4C123.s

PWM1_1_Handler 000000EA

Symbol: PWM1_1_Handler
   Definitions
      At line 920 in file startup_TM4C123.s
   Uses
      At line 224 in file startup_TM4C123.s
      At line 921 in file startup_TM4C123.s

PWM1_2_Handler 000000EC

Symbol: PWM1_2_Handler
   Definitions
      At line 926 in file startup_TM4C123.s
   Uses
      At line 225 in file startup_TM4C123.s
      At line 927 in file startup_TM4C123.s

PWM1_3_Handler 000000EE

Symbol: PWM1_3_Handler
   Definitions
      At line 932 in file startup_TM4C123.s
   Uses
      At line 226 in file startup_TM4C123.s
      At line 933 in file startup_TM4C123.s

PWM1_FAULT_Handler 000000F0

Symbol: PWM1_FAULT_Handler
   Definitions
      At line 938 in file startup_TM4C123.s
   Uses
      At line 227 in file startup_TM4C123.s
      At line 939 in file startup_TM4C123.s

PendSV_Handler 00000016

Symbol: PendSV_Handler
   Definitions
      At line 285 in file startup_TM4C123.s
   Uses
      At line 84 in file startup_TM4C123.s
      At line 286 in file startup_TM4C123.s

QEI0_Handler 00000034

Symbol: QEI0_Handler
   Definitions
      At line 374 in file startup_TM4C123.s
   Uses
      At line 102 in file startup_TM4C123.s
      At line 375 in file startup_TM4C123.s

QEI1_Handler 00000066




ARM Macro Assembler    Page 12 Alphabetic symbol ordering
Relocatable symbols

Symbol: QEI1_Handler
   Definitions
      At line 524 in file startup_TM4C123.s
   Uses
      At line 127 in file startup_TM4C123.s
      At line 525 in file startup_TM4C123.s

QEI2_Handler 000000C2

Symbol: QEI2_Handler
   Definitions
      At line 800 in file startup_TM4C123.s
   Uses
      At line 202 in file startup_TM4C123.s
      At line 801 in file startup_TM4C123.s

Reset_Handler 00000000

Symbol: Reset_Handler
   Definitions
      At line 238 in file startup_TM4C123.s
   Uses
      At line 71 in file startup_TM4C123.s
      At line 239 in file startup_TM4C123.s

SSI0_Handler 00000028

Symbol: SSI0_Handler
   Definitions
      At line 338 in file startup_TM4C123.s
   Uses
      At line 96 in file startup_TM4C123.s
      At line 339 in file startup_TM4C123.s

SSI1_Handler 0000005E

Symbol: SSI1_Handler
   Definitions
      At line 500 in file startup_TM4C123.s
   Uses
      At line 123 in file startup_TM4C123.s
      At line 501 in file startup_TM4C123.s

SSI2_Handler 00000086

Symbol: SSI2_Handler
   Definitions
      At line 620 in file startup_TM4C123.s
   Uses
      At line 146 in file startup_TM4C123.s
      At line 621 in file startup_TM4C123.s

SSI3_Handler 00000088

Symbol: SSI3_Handler
   Definitions
      At line 626 in file startup_TM4C123.s
   Uses
      At line 147 in file startup_TM4C123.s



ARM Macro Assembler    Page 13 Alphabetic symbol ordering
Relocatable symbols

      At line 627 in file startup_TM4C123.s

SVC_Handler 00000012

Symbol: SVC_Handler
   Definitions
      At line 275 in file startup_TM4C123.s
   Uses
      At line 81 in file startup_TM4C123.s
      At line 276 in file startup_TM4C123.s

SYSCTL_Handler 00000052

Symbol: SYSCTL_Handler
   Definitions
      At line 464 in file startup_TM4C123.s
   Uses
      At line 117 in file startup_TM4C123.s
      At line 465 in file startup_TM4C123.s

SysTick_Handler 00000018

Symbol: SysTick_Handler
   Definitions
      At line 290 in file startup_TM4C123.s
   Uses
      At line 291 in file startup_TM4C123.s
Comment: SysTick_Handler used once
TIMER0A_Handler 00000040

Symbol: TIMER0A_Handler
   Definitions
      At line 410 in file startup_TM4C123.s
   Uses
      At line 108 in file startup_TM4C123.s
      At line 411 in file startup_TM4C123.s

TIMER0B_Handler 00000042

Symbol: TIMER0B_Handler
   Definitions
      At line 416 in file startup_TM4C123.s
   Uses
      At line 109 in file startup_TM4C123.s
      At line 417 in file startup_TM4C123.s

TIMER1A_Handler 00000044

Symbol: TIMER1A_Handler
   Definitions
      At line 422 in file startup_TM4C123.s
   Uses
      At line 110 in file startup_TM4C123.s
      At line 423 in file startup_TM4C123.s

TIMER1B_Handler 00000046

Symbol: TIMER1B_Handler
   Definitions



ARM Macro Assembler    Page 14 Alphabetic symbol ordering
Relocatable symbols

      At line 428 in file startup_TM4C123.s
   Uses
      At line 111 in file startup_TM4C123.s
      At line 429 in file startup_TM4C123.s

TIMER2A_Handler 00000048

Symbol: TIMER2A_Handler
   Definitions
      At line 434 in file startup_TM4C123.s
   Uses
      At line 112 in file startup_TM4C123.s
      At line 435 in file startup_TM4C123.s

TIMER2B_Handler 0000004A

Symbol: TIMER2B_Handler
   Definitions
      At line 440 in file startup_TM4C123.s
   Uses
      At line 113 in file startup_TM4C123.s
      At line 441 in file startup_TM4C123.s

TIMER3A_Handler 00000060

Symbol: TIMER3A_Handler
   Definitions
      At line 506 in file startup_TM4C123.s
   Uses
      At line 124 in file startup_TM4C123.s
      At line 507 in file startup_TM4C123.s

TIMER3B_Handler 00000062

Symbol: TIMER3B_Handler
   Definitions
      At line 512 in file startup_TM4C123.s
   Uses
      At line 125 in file startup_TM4C123.s
      At line 513 in file startup_TM4C123.s

TIMER4A_Handler 00000098

Symbol: TIMER4A_Handler
   Definitions
      At line 674 in file startup_TM4C123.s
   Uses
      At line 159 in file startup_TM4C123.s
      At line 675 in file startup_TM4C123.s

TIMER4B_Handler 0000009A

Symbol: TIMER4B_Handler
   Definitions
      At line 680 in file startup_TM4C123.s
   Uses
      At line 160 in file startup_TM4C123.s
      At line 681 in file startup_TM4C123.s




ARM Macro Assembler    Page 15 Alphabetic symbol ordering
Relocatable symbols

TIMER5A_Handler 0000009C

Symbol: TIMER5A_Handler
   Definitions
      At line 686 in file startup_TM4C123.s
   Uses
      At line 181 in file startup_TM4C123.s
      At line 687 in file startup_TM4C123.s

TIMER5B_Handler 0000009E

Symbol: TIMER5B_Handler
   Definitions
      At line 692 in file startup_TM4C123.s
   Uses
      At line 182 in file startup_TM4C123.s
      At line 693 in file startup_TM4C123.s

UART0_Handler 00000024

Symbol: UART0_Handler
   Definitions
      At line 326 in file startup_TM4C123.s
   Uses
      At line 94 in file startup_TM4C123.s
      At line 327 in file startup_TM4C123.s

UART1_Handler 00000026

Symbol: UART1_Handler
   Definitions
      At line 332 in file startup_TM4C123.s
   Uses
      At line 95 in file startup_TM4C123.s
      At line 333 in file startup_TM4C123.s

UART2_Handler 0000005C

Symbol: UART2_Handler
   Definitions
      At line 494 in file startup_TM4C123.s
   Uses
      At line 122 in file startup_TM4C123.s
      At line 495 in file startup_TM4C123.s

UART3_Handler 0000008A

Symbol: UART3_Handler
   Definitions
      At line 632 in file startup_TM4C123.s
   Uses
      At line 148 in file startup_TM4C123.s
      At line 633 in file startup_TM4C123.s

UART4_Handler 0000008C

Symbol: UART4_Handler
   Definitions
      At line 638 in file startup_TM4C123.s



ARM Macro Assembler    Page 16 Alphabetic symbol ordering
Relocatable symbols

   Uses
      At line 149 in file startup_TM4C123.s
      At line 639 in file startup_TM4C123.s

UART5_Handler 0000008E

Symbol: UART5_Handler
   Definitions
      At line 644 in file startup_TM4C123.s
   Uses
      At line 150 in file startup_TM4C123.s
      At line 645 in file startup_TM4C123.s

UART6_Handler 00000090

Symbol: UART6_Handler
   Definitions
      At line 650 in file startup_TM4C123.s
   Uses
      At line 151 in file startup_TM4C123.s
      At line 651 in file startup_TM4C123.s

UART7_Handler 00000092

Symbol: UART7_Handler
   Definitions
      At line 656 in file startup_TM4C123.s
   Uses
      At line 152 in file startup_TM4C123.s
      At line 657 in file startup_TM4C123.s

UDMAERR_Handler 00000076

Symbol: UDMAERR_Handler
   Definitions
      At line 572 in file startup_TM4C123.s
   Uses
      At line 136 in file startup_TM4C123.s
      At line 573 in file startup_TM4C123.s

UDMA_Handler 00000074

Symbol: UDMA_Handler
   Definitions
      At line 566 in file startup_TM4C123.s
   Uses
      At line 135 in file startup_TM4C123.s
      At line 567 in file startup_TM4C123.s

USB0_Handler 00000070

Symbol: USB0_Handler
   Definitions
      At line 554 in file startup_TM4C123.s
   Uses
      At line 133 in file startup_TM4C123.s
      At line 555 in file startup_TM4C123.s

UsageFault_Handler 00000010



ARM Macro Assembler    Page 17 Alphabetic symbol ordering
Relocatable symbols


Symbol: UsageFault_Handler
   Definitions
      At line 271 in file startup_TM4C123.s
   Uses
      At line 76 in file startup_TM4C123.s
      At line 272 in file startup_TM4C123.s

WDT0_Handler 0000003E

Symbol: WDT0_Handler
   Definitions
      At line 404 in file startup_TM4C123.s
   Uses
      At line 107 in file startup_TM4C123.s
      At line 405 in file startup_TM4C123.s

WTIMER0A_Handler 000000A0

Symbol: WTIMER0A_Handler
   Definitions
      At line 698 in file startup_TM4C123.s
   Uses
      At line 183 in file startup_TM4C123.s
      At line 699 in file startup_TM4C123.s

WTIMER0B_Handler 000000A2

Symbol: WTIMER0B_Handler
   Definitions
      At line 704 in file startup_TM4C123.s
   Uses
      At line 184 in file startup_TM4C123.s
      At line 705 in file startup_TM4C123.s

WTIMER1A_Handler 000000A4

Symbol: WTIMER1A_Handler
   Definitions
      At line 710 in file startup_TM4C123.s
   Uses
      At line 185 in file startup_TM4C123.s
      At line 711 in file startup_TM4C123.s

WTIMER1B_Handler 000000A6

Symbol: WTIMER1B_Handler
   Definitions
      At line 716 in file startup_TM4C123.s
   Uses
      At line 186 in file startup_TM4C123.s
      At line 717 in file startup_TM4C123.s

WTIMER2A_Handler 000000A8

Symbol: WTIMER2A_Handler
   Definitions
      At line 722 in file startup_TM4C123.s
   Uses



ARM Macro Assembler    Page 18 Alphabetic symbol ordering
Relocatable symbols

      At line 187 in file startup_TM4C123.s
      At line 723 in file startup_TM4C123.s

WTIMER2B_Handler 000000AA

Symbol: WTIMER2B_Handler
   Definitions
      At line 728 in file startup_TM4C123.s
   Uses
      At line 188 in file startup_TM4C123.s
      At line 729 in file startup_TM4C123.s

WTIMER3A_Handler 000000AC

Symbol: WTIMER3A_Handler
   Definitions
      At line 734 in file startup_TM4C123.s
   Uses
      At line 189 in file startup_TM4C123.s
      At line 735 in file startup_TM4C123.s

WTIMER3B_Handler 000000AE

Symbol: WTIMER3B_Handler
   Definitions
      At line 740 in file startup_TM4C123.s
   Uses
      At line 190 in file startup_TM4C123.s
      At line 741 in file startup_TM4C123.s

WTIMER4A_Handler 000000B0

Symbol: WTIMER4A_Handler
   Definitions
      At line 746 in file startup_TM4C123.s
   Uses
      At line 191 in file startup_TM4C123.s
      At line 747 in file startup_TM4C123.s

WTIMER4B_Handler 000000B2

Symbol: WTIMER4B_Handler
   Definitions
      At line 752 in file startup_TM4C123.s
   Uses
      At line 192 in file startup_TM4C123.s
      At line 753 in file startup_TM4C123.s

WTIMER5A_Handler 000000B4

Symbol: WTIMER5A_Handler
   Definitions
      At line 758 in file startup_TM4C123.s
   Uses
      At line 193 in file startup_TM4C123.s
      At line 759 in file startup_TM4C123.s

WTIMER5B_Handler 000000B6




ARM Macro Assembler    Page 19 Alphabetic symbol ordering
Relocatable symbols

Symbol: WTIMER5B_Handler
   Definitions
      At line 764 in file startup_TM4C123.s
   Uses
      At line 194 in file startup_TM4C123.s
      At line 765 in file startup_TM4C123.s

__user_initial_stackheap 000000F4

Symbol: __user_initial_stackheap
   Definitions
      At line 958 in file startup_TM4C123.s
   Uses
      At line 957 in file startup_TM4C123.s
Comment: __user_initial_stackheap used once
120 symbols



ARM Macro Assembler    Page 1 Alphabetic symbol ordering
Absolute symbols

Heap_Size 00000000

Symbol: Heap_Size
   Definitions
      At line 44 in file startup_TM4C123.s
   Uses
      At line 48 in file startup_TM4C123.s
      At line 962 in file startup_TM4C123.s

Stack_Size 00000200

Symbol: Stack_Size
   Definitions
      At line 33 in file startup_TM4C123.s
   Uses
      At line 36 in file startup_TM4C123.s
      At line 961 in file startup_TM4C123.s

__Vectors_Size 0000026C

Symbol: __Vectors_Size
   Definitions
      At line 231 in file startup_TM4C123.s
   Uses
      At line 68 in file startup_TM4C123.s
Comment: __Vectors_Size used once
3 symbols



ARM Macro Assembler    Page 1 Alphabetic symbol ordering
External symbols

SysTickIntHandler 00000000

Symbol: SysTickIntHandler
   Definitions
      At line 56 in file startup_TM4C123.s
   Uses
      At line 85 in file startup_TM4C123.s
Comment: SysTickIntHandler used once
SystemInit 00000000

Symbol: SystemInit
   Definitions
      At line 240 in file startup_TM4C123.s
   Uses
      At line 242 in file startup_TM4C123.s
Comment: SystemInit used once
UARTStdioIntHandler 00000000

Symbol: UARTStdioIntHandler
   Definitions
      At line 57 in file startup_TM4C123.s
   Uses
      None
Comment: UARTStdioIntHandler unused
__main 00000000

Symbol: __main
   Definitions
      At line 241 in file startup_TM4C123.s
   Uses
      At line 244 in file startup_TM4C123.s
Comment: __main used once
__use_two_region_memory 00000000

Symbol: __use_two_region_memory
   Definitions
      At line 956 in file startup_TM4C123.s
   Uses
      None
Comment: __use_two_region_memory unused
5 symbols
473 symbols in table
